<?xml version="1.0" encoding="UTF-8"?>
<!-- Generated by org.testng.reporters.JUnitXMLReporter -->
<testsuite ignored="0" hostname="DESKTOP-0RE88GF" failures="0" tests="4" name="Free CRM home page TC" time="70.578" errors="0" timestamp="2020-07-02T23:18:57 AEST">
  <testcase classname="com.crm.qa.testcases.HomePageTestCases" name="verifyHomePageTitleTest" time="0.015"/>
  <testcase classname="com.crm.qa.testcases.HomePageTestCases" name="verifyUserNameTest" time="0.106"/>
  <testcase classname="com.crm.qa.testcases.HomePageTestCases" name="verifyDealLinkTest" time="0.267"/>
  <testcase classname="com.crm.qa.testcases.HomePageTestCases" name="verifyContactsLinkTest" time="0.232"/>
</testsuite> <!-- Free CRM home page TC -->
