<?xml version="1.0" encoding="UTF-8"?>
<!-- Generated by org.testng.reporters.JUnitXMLReporter -->
<testsuite ignored="0" hostname="DESKTOP-0RE88GF" failures="0" tests="3" name="Free CRM login page TC" time="38.757" errors="0" timestamp="2020-07-02T23:17:46 AEST">
  <testcase classname="com.crm.qa.testcases.LoginPageTestCase" name="loginPageTitleTest" time="0.024"/>
  <testcase classname="com.crm.qa.testcases.LoginPageTestCase" name="crmLogoImageTest" time="0.165"/>
  <testcase classname="com.crm.qa.testcases.LoginPageTestCase" name="loginTest" time="7.518"/>
</testsuite> <!-- Free CRM login page TC -->
