<?xml version="1.0" encoding="UTF-8"?>
<!-- Generated by org.testng.reporters.JUnitXMLReporter -->
<testsuite ignored="0" hostname="DESKTOP-0RE88GF" failures="0" tests="3" name="Free CRM Sanity TC" time="33.126" errors="0" timestamp="2020-06-25T18:02:58 AEST">
  <testcase classname="com.crm.qa.testcases.LoginPageTestCase" name="loginPageTitleTest" time="0.059"/>
  <testcase classname="com.crm.qa.testcases.LoginPageTestCase" name="crmLogoImageTest" time="0.114"/>
  <testcase classname="com.crm.qa.testcases.LoginPageTestCase" name="loginTest" time="4.828"/>
</testsuite> <!-- Free CRM Sanity TC -->
