<?xml version="1.0" encoding="UTF-8"?>
<!-- Generated by org.testng.reporters.JUnitXMLReporter -->
<testsuite ignored="0" hostname="DESKTOP-0RE88GF" failures="0" tests="3" name="Free CRM contacts page TC" time="84.271" errors="0" timestamp="2020-07-02T23:20:21 AEST">
  <testcase classname="com.crm.qa.testcases.ContactsPageTestCase" name="verifyContactsPageLabelTestcase" time="3.044"/>
  <testcase classname="com.crm.qa.testcases.ContactsPageTestCase" name="selectContactsByNameTestCase" time="9.937"/>
  <testcase classname="com.crm.qa.testcases.ContactsPageTestCase" name="selectMultipleContactsByNameTestCase" time="7.325"/>
</testsuite> <!-- Free CRM contacts page TC -->
