<?xml version="1.0" encoding="UTF-8"?>
<!-- Generated by org.testng.reporters.JUnitXMLReporter -->
<testsuite ignored="0" hostname="DESKTOP-0RE88GF" failures="0" tests="3" name="Free CRM Sanity TC" time="37.535" errors="0" timestamp="2020-07-02T12:32:41 AEST">
  <testcase classname="com.crm.qa.testcases.LoginPageTestCase" name="loginPageTitleTest" time="0.043"/>
  <testcase classname="com.crm.qa.testcases.LoginPageTestCase" name="crmLogoImageTest" time="0.077"/>
  <testcase classname="com.crm.qa.testcases.LoginPageTestCase" name="loginTest" time="5.905"/>
</testsuite> <!-- Free CRM Sanity TC -->
