<?xml version="1.0" encoding="UTF-8"?>
<!-- Generated by org.testng.reporters.JUnitXMLReporter -->
<testsuite ignored="0" hostname="DESKTOP-0RE88GF" failures="0" tests="3" name="Default test" time="57.506" errors="0" timestamp="2020-07-02T23:30:25 AEST">
  <testcase classname="com.crm.qa.testcases.NewContactPageTestCase" name="validateCreateNewContact" time="2.796"/>
  <testcase classname="com.crm.qa.testcases.NewContactPageTestCase" name="validateCreateNewContact" time="3.431"/>
  <testcase classname="com.crm.qa.testcases.NewContactPageTestCase" name="validateCreateNewContact" time="2.514"/>
</testsuite> <!-- Default test -->
