<?xml version="1.0" encoding="UTF-8"?>
<!-- Generated by org.testng.reporters.JUnitXMLReporter -->
<testsuite ignored="0" hostname="DESKTOP-0RE88GF" failures="0" tests="3" name="Default test" time="66.173" errors="0" timestamp="2020-07-02T23:12:08 AEST">
  <testcase classname="com.crm.qa.testcases.ContactsPageTestCase" name="verifyContactsPageLabelTestcase" time="2.41"/>
  <testcase classname="com.crm.qa.testcases.ContactsPageTestCase" name="selectContactsByNameTestCase" time="6.847"/>
  <testcase classname="com.crm.qa.testcases.ContactsPageTestCase" name="selectMultipleContactsByNameTestCase" time="7.111"/>
</testsuite> <!-- Default test -->
