<?xml version="1.0" encoding="UTF-8"?>
<testng-results ignored="0" total="3" passed="3" failed="0" skipped="0">
  <reporter-output>
  </reporter-output>
  <suite started-at="2020-06-25T18:02:25 AEST" name="Free CRM automation test suit" finished-at="2020-06-25T18:02:58 AEST" duration-ms="33126">
    <groups>
    </groups>
    <test started-at="2020-06-25T18:02:25 AEST" name="Free CRM Sanity TC" finished-at="2020-06-25T18:02:58 AEST" duration-ms="33126">
      <class name="com.crm.qa.testcases.LoginPageTestCase">
        <test-method is-config="true" signature="setUp()[pri:0, instance:com.crm.qa.testcases.LoginPageTestCase@490caf5f]" started-at="2020-06-25T18:02:25 AEST" name="setUp" finished-at="2020-06-25T18:02:34 AEST" duration-ms="8898" status="PASS">
          <reporter-output>
          </reporter-output>
        </test-method> <!-- setUp -->
        <test-method signature="loginPageTitleTest()[pri:1, instance:com.crm.qa.testcases.LoginPageTestCase@490caf5f]" started-at="2020-06-25T18:02:34 AEST" name="loginPageTitleTest" finished-at="2020-06-25T18:02:34 AEST" duration-ms="59" status="PASS">
          <reporter-output>
          </reporter-output>
        </test-method> <!-- loginPageTitleTest -->
        <test-method is-config="true" signature="teardown()[pri:0, instance:com.crm.qa.testcases.LoginPageTestCase@490caf5f]" started-at="2020-06-25T18:02:34 AEST" name="teardown" finished-at="2020-06-25T18:02:34 AEST" duration-ms="759" status="PASS">
          <reporter-output>
          </reporter-output>
        </test-method> <!-- teardown -->
        <test-method is-config="true" signature="setUp()[pri:0, instance:com.crm.qa.testcases.LoginPageTestCase@490caf5f]" started-at="2020-06-25T18:02:34 AEST" name="setUp" finished-at="2020-06-25T18:02:43 AEST" duration-ms="8382" status="PASS">
          <reporter-output>
          </reporter-output>
        </test-method> <!-- setUp -->
        <test-method signature="crmLogoImageTest()[pri:2, instance:com.crm.qa.testcases.LoginPageTestCase@490caf5f]" started-at="2020-06-25T18:02:43 AEST" name="crmLogoImageTest" finished-at="2020-06-25T18:02:43 AEST" duration-ms="114" status="PASS">
          <reporter-output>
          </reporter-output>
        </test-method> <!-- crmLogoImageTest -->
        <test-method is-config="true" signature="teardown()[pri:0, instance:com.crm.qa.testcases.LoginPageTestCase@490caf5f]" started-at="2020-06-25T18:02:43 AEST" name="teardown" finished-at="2020-06-25T18:02:44 AEST" duration-ms="744" status="PASS">
          <reporter-output>
          </reporter-output>
        </test-method> <!-- teardown -->
        <test-method is-config="true" signature="setUp()[pri:0, instance:com.crm.qa.testcases.LoginPageTestCase@490caf5f]" started-at="2020-06-25T18:02:44 AEST" name="setUp" finished-at="2020-06-25T18:02:52 AEST" duration-ms="8521" status="PASS">
          <reporter-output>
          </reporter-output>
        </test-method> <!-- setUp -->
        <test-method signature="loginTest()[pri:3, instance:com.crm.qa.testcases.LoginPageTestCase@490caf5f]" started-at="2020-06-25T18:02:52 AEST" name="loginTest" finished-at="2020-06-25T18:02:57 AEST" duration-ms="4828" status="PASS">
          <reporter-output>
          </reporter-output>
        </test-method> <!-- loginTest -->
        <test-method is-config="true" signature="teardown()[pri:0, instance:com.crm.qa.testcases.LoginPageTestCase@490caf5f]" started-at="2020-06-25T18:02:57 AEST" name="teardown" finished-at="2020-06-25T18:02:58 AEST" duration-ms="762" status="PASS">
          <reporter-output>
          </reporter-output>
        </test-method> <!-- teardown -->
      </class> <!-- com.crm.qa.testcases.LoginPageTestCase -->
    </test> <!-- Free CRM Sanity TC -->
  </suite> <!-- Free CRM automation test suit -->
</testng-results>
