<?xml version="1.0" encoding="UTF-8"?>
<testng-results ignored="0" total="3" passed="3" failed="0" skipped="0">
  <reporter-output>
  </reporter-output>
  <suite started-at="2020-07-02T23:29:28 AEST" name="Default suite" finished-at="2020-07-02T23:30:25 AEST" duration-ms="57506">
    <groups>
    </groups>
    <test started-at="2020-07-02T23:29:28 AEST" name="Default test" finished-at="2020-07-02T23:30:25 AEST" duration-ms="57506">
      <class name="com.crm.qa.testcases.NewContactPageTestCase">
        <test-method is-config="true" signature="setUp()[pri:0, instance:com.crm.qa.testcases.NewContactPageTestCase@e1de817]" started-at="2020-07-02T23:29:29 AEST" name="setUp" finished-at="2020-07-02T23:29:44 AEST" duration-ms="15883" status="PASS">
          <reporter-output>
          </reporter-output>
        </test-method> <!-- setUp -->
        <test-method signature="validateCreateNewContact(java.lang.String, java.lang.String, java.lang.String, java.lang.String)[pri:1, instance:com.crm.qa.testcases.NewContactPageTestCase@e1de817]" started-at="2020-07-02T23:29:44 AEST" name="validateCreateNewContact" data-provider="getContactsTestData" finished-at="2020-07-02T23:29:47 AEST" duration-ms="2796" status="PASS">
          <params>
            <param index="0">
              <value>
                <![CDATA[Mr.]]>
              </value>
            </param>
            <param index="1">
              <value>
                <![CDATA[David]]>
              </value>
            </param>
            <param index="2">
              <value>
                <![CDATA[John]]>
              </value>
            </param>
            <param index="3">
              <value>
                <![CDATA[amazon]]>
              </value>
            </param>
          </params>
          <reporter-output>
          </reporter-output>
        </test-method> <!-- validateCreateNewContact -->
        <test-method is-config="true" signature="setUp()[pri:0, instance:com.crm.qa.testcases.NewContactPageTestCase@e1de817]" started-at="2020-07-02T23:29:47 AEST" name="setUp" finished-at="2020-07-02T23:30:04 AEST" duration-ms="16520" status="PASS">
          <reporter-output>
          </reporter-output>
        </test-method> <!-- setUp -->
        <test-method signature="validateCreateNewContact(java.lang.String, java.lang.String, java.lang.String, java.lang.String)[pri:1, instance:com.crm.qa.testcases.NewContactPageTestCase@e1de817]" started-at="2020-07-02T23:30:04 AEST" name="validateCreateNewContact" data-provider="getContactsTestData" finished-at="2020-07-02T23:30:07 AEST" duration-ms="3431" status="PASS">
          <params>
            <param index="0">
              <value>
                <![CDATA[Mrs.]]>
              </value>
            </param>
            <param index="1">
              <value>
                <![CDATA[Jiya]]>
              </value>
            </param>
            <param index="2">
              <value>
                <![CDATA[Mathew]]>
              </value>
            </param>
            <param index="3">
              <value>
                <![CDATA[Google]]>
              </value>
            </param>
          </params>
          <reporter-output>
          </reporter-output>
        </test-method> <!-- validateCreateNewContact -->
        <test-method is-config="true" signature="setUp()[pri:0, instance:com.crm.qa.testcases.NewContactPageTestCase@e1de817]" started-at="2020-07-02T23:30:07 AEST" name="setUp" finished-at="2020-07-02T23:30:23 AEST" duration-ms="15514" status="PASS">
          <reporter-output>
          </reporter-output>
        </test-method> <!-- setUp -->
        <test-method signature="validateCreateNewContact(java.lang.String, java.lang.String, java.lang.String, java.lang.String)[pri:1, instance:com.crm.qa.testcases.NewContactPageTestCase@e1de817]" started-at="2020-07-02T23:30:23 AEST" name="validateCreateNewContact" data-provider="getContactsTestData" finished-at="2020-07-02T23:30:25 AEST" duration-ms="2514" status="PASS">
          <params>
            <param index="0">
              <value>
                <![CDATA[Dr.]]>
              </value>
            </param>
            <param index="1">
              <value>
                <![CDATA[Anu]]>
              </value>
            </param>
            <param index="2">
              <value>
                <![CDATA[sharma]]>
              </value>
            </param>
            <param index="3">
              <value>
                <![CDATA[Ebay]]>
              </value>
            </param>
          </params>
          <reporter-output>
          </reporter-output>
        </test-method> <!-- validateCreateNewContact -->
      </class> <!-- com.crm.qa.testcases.NewContactPageTestCase -->
    </test> <!-- Default test -->
  </suite> <!-- Default suite -->
</testng-results>
